Using pre-set license
Built from '2022.3/staging' branch; Version is '2022.3.7f1 (b16b3b16c7a0) revision 11627323'; Using compiler version '192829333'; Build Type 'Release'
OS: 'Windows 10  (10.0.19045) 64bit Core' Language: 'en' Physical Memory: 16051 MB
BatchMode: 1, IsHumanControllingUs: 0, StartBugReporterOnCrash: 0, Is64bit: 1, IsPro: 1

COMMAND LINE ARGUMENTS:
C:\Program Files\Unity\Hub\Editor\2022.3.7f1\Editor\Unity.exe
-adb2
-batchMode
-noUpm
-name
AssetImportWorker0
-projectPath
C:/Users/User/Desktop/CIS 3296 005/Lab #5 - Final Project (Weeks 10-15)/applebaum-final-projects-bassline-burn/Bassline Burn Game
-logFile
Logs/AssetImportWorker0.log
-srvPort
60585
Successfully changed project path to: C:/Users/User/Desktop/CIS 3296 005/Lab #5 - Final Project (Weeks 10-15)/applebaum-final-projects-bassline-burn/Bassline Burn Game
C:/Users/User/Desktop/CIS 3296 005/Lab #5 - Final Project (Weeks 10-15)/applebaum-final-projects-bassline-burn/Bassline Burn Game
[UnityMemory] Configuration Parameters - Can be set up in boot.config
    "memorysetup-bucket-allocator-granularity=16"
    "memorysetup-bucket-allocator-bucket-count=8"
    "memorysetup-bucket-allocator-block-size=33554432"
    "memorysetup-bucket-allocator-block-count=8"
    "memorysetup-main-allocator-block-size=16777216"
    "memorysetup-thread-allocator-block-size=16777216"
    "memorysetup-gfx-main-allocator-block-size=16777216"
    "memorysetup-gfx-thread-allocator-block-size=16777216"
    "memorysetup-cache-allocator-block-size=4194304"
    "memorysetup-typetree-allocator-block-size=2097152"
    "memorysetup-profiler-bucket-allocator-granularity=16"
    "memorysetup-profiler-bucket-allocator-bucket-count=8"
    "memorysetup-profiler-bucket-allocator-block-size=33554432"
    "memorysetup-profiler-bucket-allocator-block-count=8"
    "memorysetup-profiler-allocator-block-size=16777216"
    "memorysetup-profiler-editor-allocator-block-size=1048576"
    "memorysetup-temp-allocator-size-main=16777216"
    "memorysetup-job-temp-allocator-block-size=2097152"
    "memorysetup-job-temp-allocator-block-size-background=1048576"
    "memorysetup-job-temp-allocator-reduction-small-platforms=262144"
    "memorysetup-allocator-temp-initial-block-size-main=262144"
    "memorysetup-allocator-temp-initial-block-size-worker=262144"
    "memorysetup-temp-allocator-size-background-worker=32768"
    "memorysetup-temp-allocator-size-job-worker=262144"
    "memorysetup-temp-allocator-size-preload-manager=33554432"
    "memorysetup-temp-allocator-size-nav-mesh-worker=65536"
    "memorysetup-temp-allocator-size-audio-worker=65536"
    "memorysetup-temp-allocator-size-cloud-worker=32768"
    "memorysetup-temp-allocator-size-gi-baking-worker=262144"
    "memorysetup-temp-allocator-size-gfx=262144"
Player connection [29108] Host "[IP] 10.0.0.4 [Port] 0 [Flags] 2 [Guid] 1464434396 [EditorId] 1464434396 [Version] 1048832 [Id] WindowsEditor(7,VLAD) [Debug] 1 [PackageName] WindowsEditor [ProjectName] Editor" joined multi-casting on [225.0.0.222:54997]...

Player connection [29108] Host "[IP] 10.0.0.4 [Port] 0 [Flags] 2 [Guid] 1464434396 [EditorId] 1464434396 [Version] 1048832 [Id] WindowsEditor(7,VLAD) [Debug] 1 [PackageName] WindowsEditor [ProjectName] Editor" joined alternative multi-casting on [225.0.0.222:34997]...

Refreshing native plugins compatible for Editor in 22.28 ms, found 2 plugins.
Preloading 0 native plugins for Editor in 0.00 ms.
Initialize engine version: 2022.3.7f1 (b16b3b16c7a0)
[Subsystems] Discovering subsystems at path C:/Program Files/Unity/Hub/Editor/2022.3.7f1/Editor/Data/Resources/UnitySubsystems
[Subsystems] Discovering subsystems at path C:/Users/User/Desktop/CIS 3296 005/Lab #5 - Final Project (Weeks 10-15)/applebaum-final-projects-bassline-burn/Bassline Burn Game/Assets
GfxDevice: creating device client; threaded=0; jobified=0
Direct3D:
    Version:  Direct3D 11.0 [level 11.1]
    Renderer: Intel(R) Iris(R) Xe Graphics (ID=0x9a49)
    Vendor:   Intel
    VRAM:     8025 MB
    Driver:   30.0.100.9805
Initialize mono
Mono path[0] = 'C:/Program Files/Unity/Hub/Editor/2022.3.7f1/Editor/Data/Managed'
Mono path[1] = 'C:/Program Files/Unity/Hub/Editor/2022.3.7f1/Editor/Data/MonoBleedingEdge/lib/mono/unityjit-win32'
Mono config path = 'C:/Program Files/Unity/Hub/Editor/2022.3.7f1/Editor/Data/MonoBleedingEdge/etc'
Using monoOptions --debugger-agent=transport=dt_socket,embedding=1,server=y,suspend=n,address=127.0.0.1:56612
Begin MonoManager ReloadAssembly
Registering precompiled unity dll's ...
Register platform support module: C:/Program Files/Unity/Hub/Editor/2022.3.7f1/Editor/Data/PlaybackEngines/WindowsStandaloneSupport/UnityEditor.WindowsStandalone.Extensions.dll
Registered in 0.013500 seconds.
- Loaded All Assemblies, in  0.701 seconds
Native extension for WindowsStandalone target not found
Mono: successfully reloaded assembly
- Finished resetting the current domain, in  0.524 seconds
Domain Reload Profiling: 1221ms
	BeginReloadAssembly (218ms)
		ExecutionOrderSort (0ms)
		DisableScriptedObjects (0ms)
		BackupInstance (0ms)
		ReleaseScriptingObjects (0ms)
		CreateAndSetChildDomain (1ms)
	RebuildCommonClasses (64ms)
	RebuildNativeTypeToScriptingClass (19ms)
	initialDomainReloadingComplete (126ms)
	LoadAllAssembliesAndSetupDomain (268ms)
		LoadAssemblies (215ms)
		RebuildTransferFunctionScriptingTraits (0ms)
		AnalyzeDomain (265ms)
			TypeCache.Refresh (262ms)
				TypeCache.ScanAssembly (240ms)
			ScanForSourceGeneratedMonoScriptInfo (1ms)
			ResolveRequiredComponents (1ms)
	FinalizeReload (525ms)
		ReleaseScriptCaches (0ms)
		RebuildScriptCaches (0ms)
		SetupLoadedEditorAssemblies (408ms)
			LogAssemblyErrors (0ms)
			InitializePlatformSupportModulesInManaged (16ms)
			SetLoadedEditorAssemblies (15ms)
			RefreshPlugins (0ms)
			BeforeProcessingInitializeOnLoad (3ms)
			ProcessInitializeOnLoadAttributes (253ms)
			ProcessInitializeOnLoadMethodAttributes (119ms)
			AfterProcessingInitializeOnLoad (0ms)
			EditorAssembliesLoaded (0ms)
		ExecutionOrderSort2 (0ms)
		AwakeInstancesAfterBackupRestoration (0ms)
========================================================================
Worker process is ready to serve import requests
Begin MonoManager ReloadAssembly
Symbol file LoadedFromMemory is not a mono symbol file
- Loaded All Assemblies, in  1.213 seconds
Refreshing native plugins compatible for Editor in 16.12 ms, found 2 plugins.
Native extension for WindowsStandalone target not found
Mono: successfully reloaded assembly
- Finished resetting the current domain, in  1.344 seconds
Domain Reload Profiling: 2552ms
	BeginReloadAssembly (307ms)
		ExecutionOrderSort (0ms)
		DisableScriptedObjects (11ms)
		BackupInstance (0ms)
		ReleaseScriptingObjects (0ms)
		CreateAndSetChildDomain (52ms)
	RebuildCommonClasses (71ms)
	RebuildNativeTypeToScriptingClass (29ms)
	initialDomainReloadingComplete (84ms)
	LoadAllAssembliesAndSetupDomain (718ms)
		LoadAssemblies (634ms)
		RebuildTransferFunctionScriptingTraits (0ms)
		AnalyzeDomain (260ms)
			TypeCache.Refresh (214ms)
				TypeCache.ScanAssembly (186ms)
			ScanForSourceGeneratedMonoScriptInfo (37ms)
			ResolveRequiredComponents (6ms)
	FinalizeReload (1345ms)
		ReleaseScriptCaches (0ms)
		RebuildScriptCaches (0ms)
		SetupLoadedEditorAssemblies (1016ms)
			LogAssemblyErrors (0ms)
			InitializePlatformSupportModulesInManaged (13ms)
			SetLoadedEditorAssemblies (5ms)
			RefreshPlugins (0ms)
			BeforeProcessingInitializeOnLoad (115ms)
			ProcessInitializeOnLoadAttributes (540ms)
			ProcessInitializeOnLoadMethodAttributes (326ms)
			AfterProcessingInitializeOnLoad (17ms)
			EditorAssembliesLoaded (0ms)
		ExecutionOrderSort2 (0ms)
		AwakeInstancesAfterBackupRestoration (17ms)
Launched and connected shader compiler UnityShaderCompiler.exe after 0.12 seconds
Refreshing native plugins compatible for Editor in 12.44 ms, found 2 plugins.
Preloading 0 native plugins for Editor in 0.00 ms.
Unloading 2539 Unused Serialized files (Serialized files now loaded: 0)
Unloading 60 unused Assets / (68.3 KB). Loaded Objects now: 2984.
Memory consumption went from 105.5 MB to 105.4 MB.
Total: 9.881200 ms (FindLiveObjects: 0.285400 ms CreateObjectMapping: 0.135700 ms MarkObjects: 9.252900 ms  DeleteObjects: 0.204600 ms)

AssetImportParameters requested are different than current active one (requested -> active):
  custom:video-decoder-webm-vp8: 9c59270c3fd7afecdb556c50c9e8de78 -> 
  custom:SearchIndexIgnoredProperties: e643bd26f0fe6173181afceb89e7c659 -> 
  custom:container-demuxer-ogg: 62fdf1f143b41e24485cea50d1cbac27 -> 
  custom:AudioImporter_EditorPlatform: d09bf68614088b80899f8185d706f6e7 -> 
  custom:video-decoder-ogg-theora: a1e56fd34408186e4bbccfd4996cb3dc -> 
  custom:framework-win-MediaFoundation: 216162199b28c13a410421893ffa2e32 -> 
  custom:video-encoder-webm-vp8: eb34c28f22e8b96e1ab97ce403110664 -> 
  custom:audio-decoder-ogg-vorbis: bf7c407c2cedff20999df2af8eb42d56 -> 
  custom:CustomObjectIndexerAttribute: 756ad292c208cfabdd7b50bc23989ffe -> 
  custom:container-demuxer-webm: 4f35f7cbe854078d1ac9338744f61a02 -> 
  custom:audio-encoder-webm-vorbis: bf7c407c2cedff20999df2af8eb42d56 -> 
  custom:container-muxer-webm: aa71ff27fc2769a1b78a27578f13a17b -> 
========================================================================
Received Import Request.
  Time since last request: 1304382.309658 seconds.
  path: Assets/Scenes/LobbyScreen.unity
  artifactKey: Guid(048e869744965d14f940f2854d39ed9f) Importer(815301076,1909f56bfc062723c751e8b465ee728b)
Start importing Assets/Scenes/LobbyScreen.unity using Guid(048e869744965d14f940f2854d39ed9f) Importer(815301076,1909f56bfc062723c751e8b465ee728b)  -> (artifact id: '8301b403c84ceb8dda38807ab414c5f2') in 0.166401 seconds
Number of updated asset objects reloaded before import = 0
Number of asset objects unloaded after import = 0
========================================================================
Received Import Request.
  Time since last request: 329.431309 seconds.
  path: Assets/Scenes/LobbyScreen.unity
  artifactKey: Guid(0dda199037f8fb34d89aadf3e5f8749e) Importer(815301076,1909f56bfc062723c751e8b465ee728b)
Start importing Assets/Scenes/LobbyScreen.unity using Guid(0dda199037f8fb34d89aadf3e5f8749e) Importer(815301076,1909f56bfc062723c751e8b465ee728b)  -> (artifact id: 'd7a4e35fc6d6b37a3abb44762d40ca3b') in 0.002685 seconds
Number of updated asset objects reloaded before import = 0
Number of asset objects unloaded after import = 0
========================================================================
Received Import Request.
  Time since last request: 40.732745 seconds.
  path: Assets/Scenes/TitleScreen.unity
  artifactKey: Guid(e0ccfda3204c89346b917816d702cb3b) Importer(815301076,1909f56bfc062723c751e8b465ee728b)
Start importing Assets/Scenes/TitleScreen.unity using Guid(e0ccfda3204c89346b917816d702cb3b) Importer(815301076,1909f56bfc062723c751e8b465ee728b)  -> (artifact id: 'cae1aa8fdff1487edaae09852efea30b') in 0.000793 seconds
Number of updated asset objects reloaded before import = 0
Number of asset objects unloaded after import = 0
========================================================================
Received Import Request.
  Time since last request: 950.389768 seconds.
  path: Assets/TextMesh Pro/Examples & Extras/Resources/Fonts & Materials/Bangers SDF.asset
  artifactKey: Guid(125cb55b44b24c4393181402bc6200e6) Importer(815301076,1909f56bfc062723c751e8b465ee728b)
Start importing Assets/TextMesh Pro/Examples & Extras/Resources/Fonts & Materials/Bangers SDF.asset using Guid(125cb55b44b24c4393181402bc6200e6) Importer(815301076,1909f56bfc062723c751e8b465ee728b)  -> (artifact id: 'dc377b9b831e6fe537221231ef28dd08') in 1.357189 seconds
Number of updated asset objects reloaded before import = 0
Number of asset objects unloaded after import = 6
========================================================================
Received Import Request.
  Time since last request: 0.000035 seconds.
  path: Assets/TextMesh Pro/Examples & Extras/Resources/Fonts & Materials/Oswald Bold SDF.asset
  artifactKey: Guid(0161d805a3764c089bef00bfe00793f5) Importer(815301076,1909f56bfc062723c751e8b465ee728b)
Start importing Assets/TextMesh Pro/Examples & Extras/Resources/Fonts & Materials/Oswald Bold SDF.asset using Guid(0161d805a3764c089bef00bfe00793f5) Importer(815301076,1909f56bfc062723c751e8b465ee728b)  -> (artifact id: '21ba686215e47a775e08b056c23571c6') in 0.701105 seconds
Number of updated asset objects reloaded before import = 0
Number of asset objects unloaded after import = 6
========================================================================
Received Import Request.
  Time since last request: 502.923221 seconds.
  path: Assets/TextMesh Pro/Examples & Extras/Resources/Fonts & Materials/Roboto-Bold SDF.asset
  artifactKey: Guid(5302535af1044152a457ed104f1f4b91) Importer(815301076,1909f56bfc062723c751e8b465ee728b)
Start importing Assets/TextMesh Pro/Examples & Extras/Resources/Fonts & Materials/Roboto-Bold SDF.asset using Guid(5302535af1044152a457ed104f1f4b91) Importer(815301076,1909f56bfc062723c751e8b465ee728b)  -> (artifact id: '1c79296d30c299c825c0bfc44755c890') in 0.062795 seconds
Number of updated asset objects reloaded before import = 0
Number of asset objects unloaded after import = 6
========================================================================
Received Import Request.
  Time since last request: 176.913600 seconds.
  path: Assets/TextMesh Pro/Examples & Extras/Resources/Fonts & Materials/Roboto-Bold SDF.asset
  artifactKey: Guid(5302535af1044152a457ed104f1f4b91) Importer(815301076,1909f56bfc062723c751e8b465ee728b)
Start importing Assets/TextMesh Pro/Examples & Extras/Resources/Fonts & Materials/Roboto-Bold SDF.asset using Guid(5302535af1044152a457ed104f1f4b91) Importer(815301076,1909f56bfc062723c751e8b465ee728b)  -> (artifact id: 'c76316d1db6e9613aa9630202da0a28f') in 0.075999 seconds
Number of updated asset objects reloaded before import = 0
Number of asset objects unloaded after import = 6
========================================================================
Received Import Request.
  Time since last request: 82.969669 seconds.
  path: Assets/TextMesh Pro/Fonts
  artifactKey: Guid(6ab70aee4d56447429c680537fbf93ed) Importer(815301076,1909f56bfc062723c751e8b465ee728b)
Start importing Assets/TextMesh Pro/Fonts using Guid(6ab70aee4d56447429c680537fbf93ed) Importer(815301076,1909f56bfc062723c751e8b465ee728b)  -> (artifact id: '25524e152126d39616bdb6d7e34b8aa6') in 0.001155 seconds
Number of updated asset objects reloaded before import = 0
Number of asset objects unloaded after import = 0
========================================================================
Received Import Request.
  Time since last request: 106.966928 seconds.
  path: Assets
  artifactKey: Guid(00000000000000001000000000000000) Importer(815301076,1909f56bfc062723c751e8b465ee728b)
Start importing Assets using Guid(00000000000000001000000000000000) Importer(815301076,1909f56bfc062723c751e8b465ee728b)  -> (artifact id: '8a4fe85251aa2e89732c359432baa2c3') in 0.000805 seconds
Number of updated asset objects reloaded before import = 0
Number of asset objects unloaded after import = 0
========================================================================
Received Import Request.
  Time since last request: 2618.636315 seconds.
  path: Assets/Scenes/LobbyScreen.unity
  artifactKey: Guid(0dda199037f8fb34d89aadf3e5f8749e) Importer(815301076,1909f56bfc062723c751e8b465ee728b)
Start importing Assets/Scenes/LobbyScreen.unity using Guid(0dda199037f8fb34d89aadf3e5f8749e) Importer(815301076,1909f56bfc062723c751e8b465ee728b)  -> (artifact id: 'df97ce16cd9ca7ec176bfacc49aa0b04') in 0.010422 seconds
Number of updated asset objects reloaded before import = 0
Number of asset objects unloaded after import = 0
========================================================================
Received Import Request.
  Time since last request: 9.564845 seconds.
  path: Assets/Scenes/Title Screen.unity
  artifactKey: Guid(0dda199037f8fb34d89aadf3e5f8749e) Importer(815301076,1909f56bfc062723c751e8b465ee728b)
Start importing Assets/Scenes/Title Screen.unity using Guid(0dda199037f8fb34d89aadf3e5f8749e) Importer(815301076,1909f56bfc062723c751e8b465ee728b)  -> (artifact id: 'f71b53dcbe196be24a2862b9e42a188e') in 0.001424 seconds
Number of updated asset objects reloaded before import = 0
Number of asset objects unloaded after import = 0
========================================================================
Received Import Request.
  Time since last request: 38.354540 seconds.
  path: Assets/Scenes/LobbyScreen.unity
  artifactKey: Guid(e0ccfda3204c89346b917816d702cb3b) Importer(815301076,1909f56bfc062723c751e8b465ee728b)
Start importing Assets/Scenes/LobbyScreen.unity using Guid(e0ccfda3204c89346b917816d702cb3b) Importer(815301076,1909f56bfc062723c751e8b465ee728b)  -> (artifact id: '76efcfa6f49ee3f528229bb9e0412073') in 0.011816 seconds
Number of updated asset objects reloaded before import = 0
Number of asset objects unloaded after import = 0
========================================================================
Received Import Request.
  Time since last request: 24.241232 seconds.
  path: Assets/Scenes/LobbyScene.unity
  artifactKey: Guid(e0ccfda3204c89346b917816d702cb3b) Importer(815301076,1909f56bfc062723c751e8b465ee728b)
Start importing Assets/Scenes/LobbyScene.unity using Guid(e0ccfda3204c89346b917816d702cb3b) Importer(815301076,1909f56bfc062723c751e8b465ee728b)  -> (artifact id: 'd9c904f0ad749b86bbc2288c49e182be') in 0.001820 seconds
Number of updated asset objects reloaded before import = 0
Number of asset objects unloaded after import = 0
========================================================================
Received Import Request.
  Time since last request: 9.321006 seconds.
  path: Assets/Scenes/TitleScene.unity
  artifactKey: Guid(0dda199037f8fb34d89aadf3e5f8749e) Importer(815301076,1909f56bfc062723c751e8b465ee728b)
Start importing Assets/Scenes/TitleScene.unity using Guid(0dda199037f8fb34d89aadf3e5f8749e) Importer(815301076,1909f56bfc062723c751e8b465ee728b)  -> (artifact id: '958fbb2e23f2d4904b89040364d5b576') in 0.000948 seconds
Number of updated asset objects reloaded before import = 0
Number of asset objects unloaded after import = 0
========================================================================
Received Import Request.
  Time since last request: 149.027805 seconds.
  path: Assets/RaceCar.jpg
  artifactKey: Guid(8f58fc7f7f2ec0746a267906e1496752) Importer(815301076,1909f56bfc062723c751e8b465ee728b)
Start importing Assets/RaceCar.jpg using Guid(8f58fc7f7f2ec0746a267906e1496752) Importer(815301076,1909f56bfc062723c751e8b465ee728b)  -> (artifact id: '99d56f9046665822394206d280cf9c7b') in 0.179880 seconds
Number of updated asset objects reloaded before import = 0
Number of asset objects unloaded after import = 2
========================================================================
Received Import Request.
  Time since last request: 1.600591 seconds.
  path: Assets/Background.webp
  artifactKey: Guid(8eacc8f75d3d87546b597f89f54b2702) Importer(815301076,1909f56bfc062723c751e8b465ee728b)
Start importing Assets/Background.webp using Guid(8eacc8f75d3d87546b597f89f54b2702) Importer(815301076,1909f56bfc062723c751e8b465ee728b)  -> (artifact id: '9172e6f7cf5c05cb9683449a85a14569') in 0.005215 seconds
Number of updated asset objects reloaded before import = 0
Number of asset objects unloaded after import = 1
========================================================================
Received Import Request.
  Time since last request: 56.670111 seconds.
  path: Assets/RaceCar.jpg
  artifactKey: Guid(8f58fc7f7f2ec0746a267906e1496752) Importer(815301076,1909f56bfc062723c751e8b465ee728b)
Start importing Assets/RaceCar.jpg using Guid(8f58fc7f7f2ec0746a267906e1496752) Importer(815301076,1909f56bfc062723c751e8b465ee728b)  -> (artifact id: '5fc9e98f3056eedcaab675a554e72c8f') in 0.144984 seconds
Number of updated asset objects reloaded before import = 0
Number of asset objects unloaded after import = 3
========================================================================
Received Import Request.
  Time since last request: 63.822237 seconds.
  path: Assets/Racecars.jpg
  artifactKey: Guid(b094453c88a0df74bbab341b4643183b) Importer(815301076,1909f56bfc062723c751e8b465ee728b)
Start importing Assets/Racecars.jpg using Guid(b094453c88a0df74bbab341b4643183b) Importer(815301076,1909f56bfc062723c751e8b465ee728b)  -> (artifact id: '1f728a4e6443f55e90cbadfa4f4cb6bb') in 0.063622 seconds
Number of updated asset objects reloaded before import = 0
Number of asset objects unloaded after import = 2
========================================================================
Received Import Request.
  Time since last request: 6.266212 seconds.
  path: Assets/Racecars.jpg
  artifactKey: Guid(b094453c88a0df74bbab341b4643183b) Importer(815301076,1909f56bfc062723c751e8b465ee728b)
Start importing Assets/Racecars.jpg using Guid(b094453c88a0df74bbab341b4643183b) Importer(815301076,1909f56bfc062723c751e8b465ee728b)  -> (artifact id: '39381c8be7d3aab1e79c085c1545123a') in 0.053761 seconds
Number of updated asset objects reloaded before import = 0
Number of asset objects unloaded after import = 3
========================================================================
Received Import Request.
  Time since last request: 39021.637930 seconds.
  path: Assets/Scenes/TitleScene.unity
  artifactKey: Guid(0dda199037f8fb34d89aadf3e5f8749e) Importer(815301076,1909f56bfc062723c751e8b465ee728b)
Start importing Assets/Scenes/TitleScene.unity using Guid(0dda199037f8fb34d89aadf3e5f8749e) Importer(815301076,1909f56bfc062723c751e8b465ee728b)  -> (artifact id: '9ebb50f1fbd024cb6526ae3424e41a5f') in 0.006042 seconds
Number of updated asset objects reloaded before import = 0
Number of asset objects unloaded after import = 0
